[ ERROR 07/03/2023 18.24.46 ] - [FireDAC][Phys][ODBC][Microsoft][SQL Server Native Client 11.0][SQL Server]Incorrect syntax near the keyword 'group'.
[ ERROR 07/03/2023 18.24.51 ] - [FireDAC][Phys][ODBC][Microsoft][SQL Server Native Client 11.0][SQL Server]Incorrect syntax near the keyword 'group'.
[ ERROR 07/03/2023 18.24.57 ] - [FireDAC][Phys][ODBC][Microsoft][SQL Server Native Client 11.0][SQL Server]Incorrect syntax near the keyword 'group'.
[ ERROR 07/03/2023 18.25.02 ] - [FireDAC][Phys][ODBC][Microsoft][SQL Server Native Client 11.0][SQL Server]Incorrect syntax near the keyword 'group'.
[ INFO 07/03/2023 18.25.47 ] - select ( sum(quantita) - sum(QtaFatta) ) as prep , nComanda from Comande where Consegnato=0 and cast ([Data] as date) = '' group by nComanda order by nComanda
[ ERROR 07/03/2023 18.25.47 ] - comande: Field 'id_transaction' not found
[ INFO 07/03/2023 18.25.52 ] - select ( sum(quantita) - sum(QtaFatta) ) as prep , nComanda from Comande where Consegnato=0 and cast ([Data] as date) = '' group by nComanda order by nComanda
[ ERROR 07/03/2023 18.25.52 ] - comande: Field 'id_transaction' not found
[ INFO 07/03/2023 18.25.57 ] - select ( sum(quantita) - sum(QtaFatta) ) as prep , nComanda from Comande where Consegnato=0 and cast ([Data] as date) = '' group by nComanda order by nComanda
[ ERROR 07/03/2023 18.25.57 ] - comande: Field 'id_transaction' not found
[ INFO 07/03/2023 18.26.02 ] - select ( sum(quantita) - sum(QtaFatta) ) as prep , nComanda from Comande where Consegnato=0 and cast ([Data] as date) = '' group by nComanda order by nComanda
[ ERROR 07/03/2023 18.26.02 ] - comande: Field 'id_transaction' not found
[ INFO 07/03/2023 18.26.07 ] - select ( sum(quantita) - sum(QtaFatta) ) as prep , nComanda from Comande where Consegnato=0 and cast ([Data] as date) = '' group by nComanda order by nComanda
[ ERROR 07/03/2023 18.26.07 ] - comande: Field 'id_transaction' not found
[ INFO 07/03/2023 18.27.58 ] - 07/03/2023
[ INFO 07/03/2023 18.27.58 ] - select ( sum(quantita) - sum(QtaFatta) ) as prep , nComanda from Comande where Consegnato=0 and cast ([Data] as date) = '07/03/2023' group by nComanda order by nComanda
[ ERROR 07/03/2023 18.27.58 ] - comande: Field 'id_transaction' not found
[ INFO 07/03/2023 18.28.03 ] - 07/03/2023
[ INFO 07/03/2023 18.28.03 ] - select ( sum(quantita) - sum(QtaFatta) ) as prep , nComanda from Comande where Consegnato=0 and cast ([Data] as date) = '07/03/2023' group by nComanda order by nComanda
[ ERROR 07/03/2023 18.28.03 ] - comande: Field 'id_transaction' not found
[ INFO 07/03/2023 18.28.08 ] - 07/03/2023
[ INFO 07/03/2023 18.28.08 ] - select ( sum(quantita) - sum(QtaFatta) ) as prep , nComanda from Comande where Consegnato=0 and cast ([Data] as date) = '07/03/2023' group by nComanda order by nComanda
[ ERROR 07/03/2023 18.28.08 ] - comande: Field 'id_transaction' not found
[ INFO 07/03/2023 18.28.13 ] - 07/03/2023
[ INFO 07/03/2023 18.28.13 ] - select ( sum(quantita) - sum(QtaFatta) ) as prep , nComanda from Comande where Consegnato=0 and cast ([Data] as date) = '07/03/2023' group by nComanda order by nComanda
[ ERROR 07/03/2023 18.28.13 ] - comande: Field 'id_transaction' not found
[ INFO 07/03/2023 18.28.18 ] - 07/03/2023
[ INFO 07/03/2023 18.28.18 ] - select ( sum(quantita) - sum(QtaFatta) ) as prep , nComanda from Comande where Consegnato=0 and cast ([Data] as date) = '07/03/2023' group by nComanda order by nComanda
[ ERROR 07/03/2023 18.28.18 ] - comande: Field 'id_transaction' not found
[ INFO 07/03/2023 18.28.23 ] - 07/03/2023
[ INFO 07/03/2023 18.28.23 ] - select ( sum(quantita) - sum(QtaFatta) ) as prep , nComanda from Comande where Consegnato=0 and cast ([Data] as date) = '07/03/2023' group by nComanda order by nComanda
[ ERROR 07/03/2023 18.28.23 ] - comande: Field 'id_transaction' not found
[ INFO 07/03/2023 18.28.28 ] - 07/03/2023
[ INFO 07/03/2023 18.28.28 ] - select ( sum(quantita) - sum(QtaFatta) ) as prep , nComanda from Comande where Consegnato=0 and cast ([Data] as date) = '07/03/2023' group by nComanda order by nComanda
[ ERROR 07/03/2023 18.28.28 ] - comande: Field 'id_transaction' not found
[ INFO 07/03/2023 18.28.33 ] - 07/03/2023
[ INFO 07/03/2023 18.28.33 ] - select ( sum(quantita) - sum(QtaFatta) ) as prep , nComanda from Comande where Consegnato=0 and cast ([Data] as date) = '07/03/2023' group by nComanda order by nComanda
[ ERROR 07/03/2023 18.28.33 ] - comande: Field 'id_transaction' not found
[ INFO 07/03/2023 18.28.38 ] - 07/03/2023
[ INFO 07/03/2023 18.28.38 ] - select ( sum(quantita) - sum(QtaFatta) ) as prep , nComanda from Comande where Consegnato=0 and cast ([Data] as date) = '07/03/2023' group by nComanda order by nComanda
[ ERROR 07/03/2023 18.28.38 ] - comande: Field 'id_transaction' not found
[ INFO 07/03/2023 18.28.43 ] - 07/03/2023
[ INFO 07/03/2023 18.28.43 ] - select ( sum(quantita) - sum(QtaFatta) ) as prep , nComanda from Comande where Consegnato=0 and cast ([Data] as date) = '07/03/2023' group by nComanda order by nComanda
[ ERROR 07/03/2023 18.28.43 ] - comande: Field 'id_transaction' not found
[ INFO 07/03/2023 18.28.48 ] - 07/03/2023
[ INFO 07/03/2023 18.28.48 ] - select ( sum(quantita) - sum(QtaFatta) ) as prep , nComanda from Comande where Consegnato=0 and cast ([Data] as date) = '07/03/2023' group by nComanda order by nComanda
[ ERROR 07/03/2023 18.28.48 ] - comande: Field 'id_transaction' not found
[ INFO 07/03/2023 18.28.53 ] - 07/03/2023
[ INFO 07/03/2023 18.28.53 ] - select ( sum(quantita) - sum(QtaFatta) ) as prep , nComanda from Comande where Consegnato=0 and cast ([Data] as date) = '07/03/2023' group by nComanda order by nComanda
[ ERROR 07/03/2023 18.28.53 ] - comande: Field 'id_transaction' not found
[ INFO 07/03/2023 18.28.58 ] - 07/03/2023
[ INFO 07/03/2023 18.28.58 ] - select ( sum(quantita) - sum(QtaFatta) ) as prep , nComanda from Comande where Consegnato=0 and cast ([Data] as date) = '07/03/2023' group by nComanda order by nComanda
[ ERROR 07/03/2023 18.28.58 ] - comande: Field 'id_transaction' not found
[ INFO 07/03/2023 18.29.03 ] - 07/03/2023
[ INFO 07/03/2023 18.29.03 ] - select ( sum(quantita) - sum(QtaFatta) ) as prep , nComanda from Comande where Consegnato=0 and cast ([Data] as date) = '07/03/2023' group by nComanda order by nComanda
[ ERROR 07/03/2023 18.29.03 ] - comande: Field 'id_transaction' not found
[ INFO 07/03/2023 18.29.08 ] - 07/03/2023
[ INFO 07/03/2023 18.29.08 ] - select ( sum(quantita) - sum(QtaFatta) ) as prep , nComanda from Comande where Consegnato=0 and cast ([Data] as date) = '07/03/2023' group by nComanda order by nComanda
[ ERROR 07/03/2023 18.29.08 ] - comande: Field 'id_transaction' not found
[ INFO 07/03/2023 18.29.13 ] - 07/03/2023
[ INFO 07/03/2023 18.29.13 ] - select ( sum(quantita) - sum(QtaFatta) ) as prep , nComanda from Comande where Consegnato=0 and cast ([Data] as date) = '07/03/2023' group by nComanda order by nComanda
[ ERROR 07/03/2023 18.29.13 ] - comande: Field 'id_transaction' not found
[ INFO 07/03/2023 18.29.18 ] - 07/03/2023
[ INFO 07/03/2023 18.29.18 ] - select ( sum(quantita) - sum(QtaFatta) ) as prep , nComanda from Comande where Consegnato=0 and cast ([Data] as date) = '07/03/2023' group by nComanda order by nComanda
[ ERROR 07/03/2023 18.29.18 ] - comande: Field 'id_transaction' not found
[ INFO 07/03/2023 18.29.24 ] - 07/03/2023
[ INFO 07/03/2023 18.29.24 ] - select ( sum(quantita) - sum(QtaFatta) ) as prep , nComanda from Comande where Consegnato=0 and cast ([Data] as date) = '07/03/2023' group by nComanda order by nComanda
[ ERROR 07/03/2023 18.29.24 ] - comande: Field 'id_transaction' not found
[ INFO 07/03/2023 18.30.39 ] - 03/07/2023
[ INFO 07/03/2023 18.30.39 ] - select ( sum(quantita) - sum(QtaFatta) ) as prep , nComanda from Comande where Consegnato=0 and cast ([Data] as date) = '03/07/2023' group by nComanda order by nComanda
[ ERROR 07/03/2023 18.30.40 ] - comande: Field 'id_transaction' not found
[ INFO 07/03/2023 18.30.45 ] - 03/07/2023
[ INFO 07/03/2023 18.30.45 ] - select ( sum(quantita) - sum(QtaFatta) ) as prep , nComanda from Comande where Consegnato=0 and cast ([Data] as date) = '03/07/2023' group by nComanda order by nComanda
[ ERROR 07/03/2023 18.30.45 ] - comande: Field 'id_transaction' not found
[ INFO 07/03/2023 18.30.50 ] - 03/07/2023
[ INFO 07/03/2023 18.30.50 ] - select ( sum(quantita) - sum(QtaFatta) ) as prep , nComanda from Comande where Consegnato=0 and cast ([Data] as date) = '03/07/2023' group by nComanda order by nComanda
[ ERROR 07/03/2023 18.30.50 ] - comande: Field 'id_transaction' not found
[ INFO 07/03/2023 18.30.55 ] - 03/07/2023
[ INFO 07/03/2023 18.30.55 ] - select ( sum(quantita) - sum(QtaFatta) ) as prep , nComanda from Comande where Consegnato=0 and cast ([Data] as date) = '03/07/2023' group by nComanda order by nComanda
[ ERROR 07/03/2023 18.30.55 ] - comande: Field 'id_transaction' not found
[ INFO 07/03/2023 18.31.00 ] - 03/07/2023
[ INFO 07/03/2023 18.31.00 ] - select ( sum(quantita) - sum(QtaFatta) ) as prep , nComanda from Comande where Consegnato=0 and cast ([Data] as date) = '03/07/2023' group by nComanda order by nComanda
[ ERROR 07/03/2023 18.31.00 ] - comande: Field 'id_transaction' not found
